<?xml version="1.0" encoding="UTF-8"?>
<!-- Generated by org.testng.reporters.JUnitXMLReporter -->
<testsuite ignored="0" hostname="WINDOWS-SBEN25R" failures="0" tests="4" name="Default test" time="12.393" errors="0" timestamp="2025-03-28T13:45:05 IST">
  <testcase classname="api.testcases.UserTest" name="testCreatUser" time="4.115"/>
  <testcase classname="api.testcases.UserTest" name="testGetUserData" time="5.012"/>
  <testcase classname="api.testcases.UserTest" name="testUpdatetUser" time="1.515"/>
  <testcase classname="api.testcases.UserTest" name="testDeletetUser" time="1.321"/>
</testsuite> <!-- Default test -->
