<?xml version="1.0" encoding="UTF-8"?>
<!-- Generated by org.testng.reporters.JUnitXMLReporter -->
<testsuite ignored="0" hostname="WINDOWS-SBEN25R" failures="0" tests="4" name="Default test" time="8.458" errors="0" timestamp="2025-03-29T22:50:55 IST">
  <testcase classname="api.testcases.UserTest" name="testCreatUser" time="3.389"/>
  <testcase classname="api.testcases.UserTest" name="testGetUserData" time="1.296"/>
  <testcase classname="api.testcases.UserTest" name="testUpdatetUser" time="2.319"/>
  <testcase classname="api.testcases.UserTest" name="testDeletetUser" time="1.153"/>
</testsuite> <!-- Default test -->
