<?xml version="1.0" encoding="UTF-8"?>
<!-- Generated by org.testng.reporters.JUnitXMLReporter -->
<testsuite ignored="0" hostname="WINDOWS-SBEN25R" failures="0" tests="4" name="Test" time="13.288" errors="0" timestamp="2025-03-31T16:14:34 IST">
  <testcase classname="api.testcases.UserTest" name="testCreateUser" time="5.177"/>
  <testcase classname="api.testcases.UserTest" name="testGetUserData" time="1.644"/>
  <testcase classname="api.testcases.UserTest" name="testUpdatetUser" time="3.184"/>
  <testcase classname="api.testcases.UserTest" name="testDeletetUser" time="1.607"/>
</testsuite> <!-- Test -->
