<?xml version="1.0" encoding="UTF-8"?>
<testng-results ignored="0" total="4" passed="4" failed="0" skipped="0">
  <reporter-output>
  </reporter-output>
  <suite started-at="2025-03-31T16:14:20 IST" name="Suite" finished-at="2025-03-31T16:14:33 IST" duration-ms="13288">
    <groups>
    </groups>
    <test started-at="2025-03-31T16:14:20 IST" name="Test" finished-at="2025-03-31T16:14:33 IST" duration-ms="13288">
      <class name="api.testcases.UserTest">
        <test-method is-config="true" signature="generateTestData()[pri:0, instance:api.testcases.UserTest@4466af20]" started-at="2025-03-31T16:14:20 IST" name="generateTestData" finished-at="2025-03-31T16:14:22 IST" duration-ms="1226" status="PASS">
          <reporter-output>
          </reporter-output>
        </test-method> <!-- generateTestData -->
        <test-method signature="testCreateUser()[pri:1, instance:api.testcases.UserTest@4466af20]" started-at="2025-03-31T16:14:22 IST" name="testCreateUser" finished-at="2025-03-31T16:14:27 IST" duration-ms="5177" status="PASS">
          <reporter-output>
          </reporter-output>
        </test-method> <!-- testCreateUser -->
        <test-method signature="testGetUserData()[pri:2, instance:api.testcases.UserTest@4466af20]" started-at="2025-03-31T16:14:27 IST" name="testGetUserData" finished-at="2025-03-31T16:14:29 IST" duration-ms="1644" status="PASS">
          <reporter-output>
          </reporter-output>
        </test-method> <!-- testGetUserData -->
        <test-method signature="testUpdatetUser()[pri:3, instance:api.testcases.UserTest@4466af20]" started-at="2025-03-31T16:14:29 IST" name="testUpdatetUser" finished-at="2025-03-31T16:14:32 IST" duration-ms="3184" status="PASS">
          <reporter-output>
          </reporter-output>
        </test-method> <!-- testUpdatetUser -->
        <test-method signature="testDeletetUser()[pri:4, instance:api.testcases.UserTest@4466af20]" started-at="2025-03-31T16:14:32 IST" name="testDeletetUser" finished-at="2025-03-31T16:14:33 IST" duration-ms="1607" status="PASS">
          <reporter-output>
          </reporter-output>
        </test-method> <!-- testDeletetUser -->
      </class> <!-- api.testcases.UserTest -->
    </test> <!-- Test -->
  </suite> <!-- Suite -->
</testng-results>
