<?xml version="1.0" encoding="UTF-8"?>
<testng-results ignored="0" total="4" passed="4" failed="0" skipped="0">
  <reporter-output>
  </reporter-output>
  <suite started-at="2025-03-28T13:44:53 IST" name="Default suite" finished-at="2025-03-28T13:45:05 IST" duration-ms="12393">
    <groups>
    </groups>
    <test started-at="2025-03-28T13:44:53 IST" name="Default test" finished-at="2025-03-28T13:45:05 IST" duration-ms="12393">
      <class name="api.testcases.UserTest">
        <test-method is-config="true" signature="generateTestData()[pri:0, instance:api.testcases.UserTest@6a6cb05c]" started-at="2025-03-28T13:44:53 IST" name="generateTestData" finished-at="2025-03-28T13:44:53 IST" duration-ms="342" status="PASS">
          <reporter-output>
          </reporter-output>
        </test-method> <!-- generateTestData -->
        <test-method signature="testCreatUser()[pri:1, instance:api.testcases.UserTest@6a6cb05c]" started-at="2025-03-28T13:44:53 IST" name="testCreatUser" finished-at="2025-03-28T13:44:57 IST" duration-ms="4115" status="PASS">
          <reporter-output>
          </reporter-output>
        </test-method> <!-- testCreatUser -->
        <test-method signature="testGetUserData()[pri:2, instance:api.testcases.UserTest@6a6cb05c]" started-at="2025-03-28T13:44:57 IST" name="testGetUserData" finished-at="2025-03-28T13:45:02 IST" duration-ms="5012" status="PASS">
          <reporter-output>
          </reporter-output>
        </test-method> <!-- testGetUserData -->
        <test-method signature="testUpdatetUser()[pri:3, instance:api.testcases.UserTest@6a6cb05c]" started-at="2025-03-28T13:45:02 IST" name="testUpdatetUser" finished-at="2025-03-28T13:45:04 IST" duration-ms="1515" status="PASS">
          <reporter-output>
          </reporter-output>
        </test-method> <!-- testUpdatetUser -->
        <test-method signature="testDeletetUser()[pri:4, instance:api.testcases.UserTest@6a6cb05c]" started-at="2025-03-28T13:45:04 IST" name="testDeletetUser" finished-at="2025-03-28T13:45:05 IST" duration-ms="1321" status="PASS">
          <reporter-output>
          </reporter-output>
        </test-method> <!-- testDeletetUser -->
      </class> <!-- api.testcases.UserTest -->
    </test> <!-- Default test -->
  </suite> <!-- Default suite -->
</testng-results>
