<?xml version="1.0" encoding="UTF-8"?>
<testng-results ignored="0" total="4" passed="4" failed="0" skipped="0">
  <reporter-output>
  </reporter-output>
  <suite started-at="2025-03-29T22:50:46 IST" name="Default suite" finished-at="2025-03-29T22:50:55 IST" duration-ms="8458">
    <groups>
    </groups>
    <test started-at="2025-03-29T22:50:46 IST" name="Default test" finished-at="2025-03-29T22:50:55 IST" duration-ms="8458">
      <class name="api.testcases.UserTest">
        <test-method is-config="true" signature="generateTestData()[pri:0, instance:api.testcases.UserTest@6a6cb05c]" started-at="2025-03-29T22:50:46 IST" name="generateTestData" finished-at="2025-03-29T22:50:47 IST" duration-ms="241" status="PASS">
          <reporter-output>
          </reporter-output>
        </test-method> <!-- generateTestData -->
        <test-method signature="testCreatUser()[pri:1, instance:api.testcases.UserTest@6a6cb05c]" started-at="2025-03-29T22:50:47 IST" name="testCreatUser" finished-at="2025-03-29T22:50:50 IST" duration-ms="3389" status="PASS">
          <reporter-output>
          </reporter-output>
        </test-method> <!-- testCreatUser -->
        <test-method signature="testGetUserData()[pri:2, instance:api.testcases.UserTest@6a6cb05c]" started-at="2025-03-29T22:50:50 IST" name="testGetUserData" finished-at="2025-03-29T22:50:51 IST" duration-ms="1296" status="PASS">
          <reporter-output>
          </reporter-output>
        </test-method> <!-- testGetUserData -->
        <test-method signature="testUpdatetUser()[pri:3, instance:api.testcases.UserTest@6a6cb05c]" started-at="2025-03-29T22:50:51 IST" name="testUpdatetUser" finished-at="2025-03-29T22:50:54 IST" duration-ms="2319" status="PASS">
          <reporter-output>
          </reporter-output>
        </test-method> <!-- testUpdatetUser -->
        <test-method signature="testDeletetUser()[pri:4, instance:api.testcases.UserTest@6a6cb05c]" started-at="2025-03-29T22:50:54 IST" name="testDeletetUser" finished-at="2025-03-29T22:50:55 IST" duration-ms="1153" status="PASS">
          <reporter-output>
          </reporter-output>
        </test-method> <!-- testDeletetUser -->
      </class> <!-- api.testcases.UserTest -->
    </test> <!-- Default test -->
  </suite> <!-- Default suite -->
</testng-results>
